[02-Mar-2023 23:09:18 UTC] PHP Warning:  Undefined variable $to in C:\xampp\htdocs\Bazar-1\wp-content\themes\bazar\single-kniha.php on line 85
[02-Mar-2023 23:09:35 UTC] PHP Warning:  Undefined variable $to in C:\xampp\htdocs\Bazar-1\wp-content\themes\bazar\single-kniha.php on line 85
[02-Mar-2023 23:10:23 UTC] PHP Warning:  Undefined variable $to in C:\xampp\htdocs\Bazar-1\wp-content\themes\bazar\single-kniha.php on line 86
[02-Mar-2023 23:10:24 UTC] PHP Warning:  Undefined variable $to in C:\xampp\htdocs\Bazar-1\wp-content\themes\bazar\single-kniha.php on line 86
[02-Mar-2023 23:10:25 UTC] PHP Warning:  Undefined variable $to in C:\xampp\htdocs\Bazar-1\wp-content\themes\bazar\single-kniha.php on line 86
[02-Mar-2023 23:10:26 UTC] PHP Warning:  Undefined variable $to in C:\xampp\htdocs\Bazar-1\wp-content\themes\bazar\single-kniha.php on line 86
[02-Mar-2023 23:11:16 UTC] PHP Warning:  Undefined variable $subject in C:\xampp\htdocs\Bazar-1\wp-content\themes\bazar\single-kniha.php on line 86
[02-Mar-2023 23:13:33 UTC] PHP Warning:  Undefined variable $subject in C:\xampp\htdocs\Bazar-1\wp-content\themes\bazar\single-kniha.php on line 90
[02-Mar-2023 23:21:41 UTC] PHP Warning:  Undefined variable $subject in C:\xampp\htdocs\Bazar-1\wp-content\themes\bazar\single-kniha.php on line 79
[02-Mar-2023 23:21:42 UTC] PHP Warning:  Undefined variable $subject in C:\xampp\htdocs\Bazar-1\wp-content\themes\bazar\single-kniha.php on line 79
[02-Mar-2023 23:21:48 UTC] PHP Warning:  Undefined variable $subject in C:\xampp\htdocs\Bazar-1\wp-content\themes\bazar\single-kniha.php on line 79
[02-Mar-2023 23:57:59 UTC] PHP Warning:  Undefined array key "email" in C:\xampp\htdocs\Bazar-1\wp-content\themes\bazar\single-kniha.php on line 65
[02-Mar-2023 23:57:59 UTC] PHP Warning:  Undefined array key "message" in C:\xampp\htdocs\Bazar-1\wp-content\themes\bazar\single-kniha.php on line 66
[02-Mar-2023 23:58:01 UTC] PHP Warning:  Undefined array key "email" in C:\xampp\htdocs\Bazar-1\wp-content\themes\bazar\single-kniha.php on line 65
[02-Mar-2023 23:58:01 UTC] PHP Warning:  Undefined array key "message" in C:\xampp\htdocs\Bazar-1\wp-content\themes\bazar\single-kniha.php on line 66
[02-Mar-2023 23:58:18 UTC] PHP Warning:  Undefined array key "email" in C:\xampp\htdocs\Bazar-1\wp-content\themes\bazar\single-kniha.php on line 65
[02-Mar-2023 23:58:18 UTC] PHP Warning:  Undefined array key "message" in C:\xampp\htdocs\Bazar-1\wp-content\themes\bazar\single-kniha.php on line 66
[02-Mar-2023 23:58:19 UTC] PHP Warning:  Undefined array key "email" in C:\xampp\htdocs\Bazar-1\wp-content\themes\bazar\single-kniha.php on line 65
[02-Mar-2023 23:58:19 UTC] PHP Warning:  Undefined array key "message" in C:\xampp\htdocs\Bazar-1\wp-content\themes\bazar\single-kniha.php on line 66
[10-Mar-2023 11:40:04 UTC] PHP Warning:  Undefined variable $subcategory in C:\xampp\htdocs\Bazar-1\wp-content\themes\bazar\template-main.php on line 18
[10-Mar-2023 11:40:08 UTC] PHP Warning:  Undefined variable $subcategory in C:\xampp\htdocs\Bazar-1\wp-content\themes\bazar\template-main.php on line 18
[10-Mar-2023 11:40:13 UTC] PHP Warning:  Undefined variable $subcategory in C:\xampp\htdocs\Bazar-1\wp-content\themes\bazar\template-main.php on line 18
[10-Mar-2023 11:48:35 UTC] PHP Warning:  Undefined variable $reference_category in C:\xampp\htdocs\Bazar-1\wp-content\themes\bazar\template-main.php on line 21
[10-Mar-2023 11:48:37 UTC] PHP Warning:  Undefined variable $reference_category in C:\xampp\htdocs\Bazar-1\wp-content\themes\bazar\template-main.php on line 21
[10-Mar-2023 11:50:01 UTC] PHP Warning:  Undefined variable $reference_category in C:\xampp\htdocs\Bazar-1\wp-content\themes\bazar\template-main.php on line 21
[10-Mar-2023 11:50:10 UTC] PHP Warning:  Undefined variable $reference_category in C:\xampp\htdocs\Bazar-1\wp-content\themes\bazar\template-main.php on line 21
[22-Mar-2023 14:12:11 UTC] PHP Fatal error:  Uncaught ValueError: Path cannot be empty in C:\xampp\htdocs\Bazar-1\wp-content\themes\bazar\author.php:159
Stack trace:
#0 C:\xampp\htdocs\Bazar-1\wp-content\themes\bazar\author.php(159): file_get_contents('')
#1 C:\xampp\htdocs\Bazar-1\wp-includes\template-loader.php(106): include('C:\\xampp\\htdocs...')
#2 C:\xampp\htdocs\Bazar-1\wp-blog-header.php(19): require_once('C:\\xampp\\htdocs...')
#3 C:\xampp\htdocs\Bazar-1\index.php(17): require('C:\\xampp\\htdocs...')
#4 {main}
  thrown in C:\xampp\htdocs\Bazar-1\wp-content\themes\bazar\author.php on line 159
[22-Mar-2023 14:12:20 UTC] PHP Fatal error:  Uncaught ValueError: Path cannot be empty in C:\xampp\htdocs\Bazar-1\wp-content\themes\bazar\author.php:159
Stack trace:
#0 C:\xampp\htdocs\Bazar-1\wp-content\themes\bazar\author.php(159): file_get_contents('')
#1 C:\xampp\htdocs\Bazar-1\wp-includes\template-loader.php(106): include('C:\\xampp\\htdocs...')
#2 C:\xampp\htdocs\Bazar-1\wp-blog-header.php(19): require_once('C:\\xampp\\htdocs...')
#3 C:\xampp\htdocs\Bazar-1\index.php(17): require('C:\\xampp\\htdocs...')
#4 {main}
  thrown in C:\xampp\htdocs\Bazar-1\wp-content\themes\bazar\author.php on line 159
[22-Mar-2023 14:12:24 UTC] PHP Fatal error:  Uncaught ValueError: Path cannot be empty in C:\xampp\htdocs\Bazar-1\wp-content\themes\bazar\author.php:159
Stack trace:
#0 C:\xampp\htdocs\Bazar-1\wp-content\themes\bazar\author.php(159): file_get_contents('')
#1 C:\xampp\htdocs\Bazar-1\wp-includes\template-loader.php(106): include('C:\\xampp\\htdocs...')
#2 C:\xampp\htdocs\Bazar-1\wp-blog-header.php(19): require_once('C:\\xampp\\htdocs...')
#3 C:\xampp\htdocs\Bazar-1\index.php(17): require('C:\\xampp\\htdocs...')
#4 {main}
  thrown in C:\xampp\htdocs\Bazar-1\wp-content\themes\bazar\author.php on line 159
[22-Mar-2023 14:12:28 UTC] PHP Fatal error:  Uncaught ValueError: Path cannot be empty in C:\xampp\htdocs\Bazar-1\wp-content\themes\bazar\author.php:159
Stack trace:
#0 C:\xampp\htdocs\Bazar-1\wp-content\themes\bazar\author.php(159): file_get_contents('')
#1 C:\xampp\htdocs\Bazar-1\wp-includes\template-loader.php(106): include('C:\\xampp\\htdocs...')
#2 C:\xampp\htdocs\Bazar-1\wp-blog-header.php(19): require_once('C:\\xampp\\htdocs...')
#3 C:\xampp\htdocs\Bazar-1\index.php(17): require('C:\\xampp\\htdocs...')
#4 {main}
  thrown in C:\xampp\htdocs\Bazar-1\wp-content\themes\bazar\author.php on line 159
[22-Mar-2023 14:17:42 UTC] PHP Fatal error:  Uncaught ValueError: Path cannot be empty in C:\xampp\htdocs\Bazar-1\wp-content\themes\bazar\author.php:159
Stack trace:
#0 C:\xampp\htdocs\Bazar-1\wp-content\themes\bazar\author.php(159): file_get_contents('')
#1 C:\xampp\htdocs\Bazar-1\wp-includes\template-loader.php(106): include('C:\\xampp\\htdocs...')
#2 C:\xampp\htdocs\Bazar-1\wp-blog-header.php(19): require_once('C:\\xampp\\htdocs...')
#3 C:\xampp\htdocs\Bazar-1\index.php(17): require('C:\\xampp\\htdocs...')
#4 {main}
  thrown in C:\xampp\htdocs\Bazar-1\wp-content\themes\bazar\author.php on line 159
[22-Mar-2023 14:17:56 UTC] PHP Fatal error:  Uncaught ValueError: Path cannot be empty in C:\xampp\htdocs\Bazar-1\wp-content\themes\bazar\author.php:159
Stack trace:
#0 C:\xampp\htdocs\Bazar-1\wp-content\themes\bazar\author.php(159): file_get_contents('')
#1 C:\xampp\htdocs\Bazar-1\wp-includes\template-loader.php(106): include('C:\\xampp\\htdocs...')
#2 C:\xampp\htdocs\Bazar-1\wp-blog-header.php(19): require_once('C:\\xampp\\htdocs...')
#3 C:\xampp\htdocs\Bazar-1\index.php(17): require('C:\\xampp\\htdocs...')
#4 {main}
  thrown in C:\xampp\htdocs\Bazar-1\wp-content\themes\bazar\author.php on line 159
[22-Mar-2023 14:18:02 UTC] PHP Fatal error:  Uncaught ValueError: Path cannot be empty in C:\xampp\htdocs\Bazar-1\wp-content\themes\bazar\author.php:159
Stack trace:
#0 C:\xampp\htdocs\Bazar-1\wp-content\themes\bazar\author.php(159): file_get_contents('')
#1 C:\xampp\htdocs\Bazar-1\wp-includes\template-loader.php(106): include('C:\\xampp\\htdocs...')
#2 C:\xampp\htdocs\Bazar-1\wp-blog-header.php(19): require_once('C:\\xampp\\htdocs...')
#3 C:\xampp\htdocs\Bazar-1\index.php(17): require('C:\\xampp\\htdocs...')
#4 {main}
  thrown in C:\xampp\htdocs\Bazar-1\wp-content\themes\bazar\author.php on line 159
[22-Mar-2023 14:18:02 UTC] PHP Fatal error:  Uncaught ValueError: Path cannot be empty in C:\xampp\htdocs\Bazar-1\wp-content\themes\bazar\author.php:159
Stack trace:
#0 C:\xampp\htdocs\Bazar-1\wp-content\themes\bazar\author.php(159): file_get_contents('')
#1 C:\xampp\htdocs\Bazar-1\wp-includes\template-loader.php(106): include('C:\\xampp\\htdocs...')
#2 C:\xampp\htdocs\Bazar-1\wp-blog-header.php(19): require_once('C:\\xampp\\htdocs...')
#3 C:\xampp\htdocs\Bazar-1\index.php(17): require('C:\\xampp\\htdocs...')
#4 {main}
  thrown in C:\xampp\htdocs\Bazar-1\wp-content\themes\bazar\author.php on line 159
[22-Mar-2023 14:18:54 UTC] PHP Fatal error:  Uncaught ValueError: Path cannot be empty in C:\xampp\htdocs\Bazar-1\wp-content\themes\bazar\author.php:159
Stack trace:
#0 C:\xampp\htdocs\Bazar-1\wp-content\themes\bazar\author.php(159): file_get_contents('')
#1 C:\xampp\htdocs\Bazar-1\wp-includes\template-loader.php(106): include('C:\\xampp\\htdocs...')
#2 C:\xampp\htdocs\Bazar-1\wp-blog-header.php(19): require_once('C:\\xampp\\htdocs...')
#3 C:\xampp\htdocs\Bazar-1\index.php(17): require('C:\\xampp\\htdocs...')
#4 {main}
  thrown in C:\xampp\htdocs\Bazar-1\wp-content\themes\bazar\author.php on line 159
[22-Mar-2023 14:19:42 UTC] PHP Fatal error:  Uncaught ValueError: Path cannot be empty in C:\xampp\htdocs\Bazar-1\wp-content\themes\bazar\author.php:159
Stack trace:
#0 C:\xampp\htdocs\Bazar-1\wp-content\themes\bazar\author.php(159): file_get_contents('')
#1 C:\xampp\htdocs\Bazar-1\wp-includes\template-loader.php(106): include('C:\\xampp\\htdocs...')
#2 C:\xampp\htdocs\Bazar-1\wp-blog-header.php(19): require_once('C:\\xampp\\htdocs...')
#3 C:\xampp\htdocs\Bazar-1\index.php(17): require('C:\\xampp\\htdocs...')
#4 {main}
  thrown in C:\xampp\htdocs\Bazar-1\wp-content\themes\bazar\author.php on line 159
[22-Mar-2023 14:19:59 UTC] PHP Fatal error:  Uncaught ValueError: Path cannot be empty in C:\xampp\htdocs\Bazar-1\wp-content\themes\bazar\author.php:159
Stack trace:
#0 C:\xampp\htdocs\Bazar-1\wp-content\themes\bazar\author.php(159): file_get_contents('')
#1 C:\xampp\htdocs\Bazar-1\wp-includes\template-loader.php(106): include('C:\\xampp\\htdocs...')
#2 C:\xampp\htdocs\Bazar-1\wp-blog-header.php(19): require_once('C:\\xampp\\htdocs...')
#3 C:\xampp\htdocs\Bazar-1\index.php(17): require('C:\\xampp\\htdocs...')
#4 {main}
  thrown in C:\xampp\htdocs\Bazar-1\wp-content\themes\bazar\author.php on line 159
[22-Mar-2023 14:25:12 UTC] PHP Warning:  Undefined variable $created in C:\xampp\htdocs\Bazar-1\wp-content\themes\bazar\template-login.php on line 68
[22-Mar-2023 14:25:12 UTC] PHP Warning:  Undefined variable $errorMessage in C:\xampp\htdocs\Bazar-1\wp-content\themes\bazar\template-login.php on line 69
[22-Mar-2023 14:25:40 UTC] PHP Warning:  Undefined variable $created in C:\xampp\htdocs\Bazar-1\wp-content\themes\bazar\template-login.php on line 68
[22-Mar-2023 14:25:40 UTC] PHP Warning:  Undefined variable $errorMessage in C:\xampp\htdocs\Bazar-1\wp-content\themes\bazar\template-login.php on line 69
[28-Mar-2023 16:20:02 UTC] PHP Warning:  Attempt to read property "title" on null in C:\xampp\htdocs\Bazar-1\wp-includes\class-wp-customize-widgets.php on line 900
